<?xml version="1.0" encoding="UTF-8"?>
<!-- Generated by org.testng.reporters.JUnitReportReporter -->
<testsuite hostname="icanio10106" failures="0" tests="1" name="Tests.StackTest" time="1.765" errors="0" timestamp="2024-07-15T16:24:42 IST" skipped="0">
  <testcase classname="Tests.StackTest" name="clickStack" time="1.765"/>
  <system-out/>
</testsuite> <!-- Tests.StackTest -->
