<?xml version="1.0" encoding="UTF-8"?>
<!-- Generated by org.testng.reporters.JUnitReportReporter -->
<testsuite hostname="icanio10106" failures="0" tests="1" name="Tests.LoginTest" time="3.293" errors="0" timestamp="2024-07-15T16:24:42 IST" skipped="0">
  <testcase classname="Tests.LoginTest" name="doLogIn" time="3.293"/>
  <system-out/>
</testsuite> <!-- Tests.LoginTest -->
